2024-09-03 17:54:48 - USER: Keeiwi (ID: 6053488221) - ACTION: Attempted Authentication
2024-09-03 17:55:00 - USER: Keeiwi (ID: 6053488221) - ACTION: Attempted Authentication
2024-09-03 17:55:00 - USER: Keeiwi (ID: 6053488221) - ACTION: Authenticated Successfully
2024-09-03 17:55:07 - USER: Keeiwi (ID: 6053488221) - ACTION: Uploaded Cookie File
2024-09-03 17:56:11 - USER: Keeiwi (ID: 6053488221) - ACTION: Uploaded Cookie File
2024-09-03 17:59:11 - USER: Kp1X0 (ID: 6711092013) - ACTION: Started Bot
2024-09-03 17:59:31 - USER: Kp1X0 (ID: 6711092013) - ACTION: Attempted Authentication
2024-09-03 17:59:31 - USER: Kp1X0 (ID: 6711092013) - ACTION: Authenticated Successfully
2024-09-03 17:59:39 - USER: Kp1X0 (ID: 6711092013) - ACTION: Started Bot
2024-09-03 18:00:16 - USER: Kp1X0 (ID: 6711092013) - ACTION: Uploaded Cookie File
2024-09-03 18:20:56 - USER: Keeiwi (ID: 6053488221) - ACTION: Started Bot
2024-09-03 18:21:09 - USER: Keeiwi (ID: 6053488221) - ACTION: Attempted Authentication
2024-09-03 18:21:09 - USER: Keeiwi (ID: 6053488221) - ACTION: Authenticated Successfully
2024-09-03 18:21:17 - USER: Keeiwi (ID: 6053488221) - ACTION: Uploaded Cookie File
2024-09-03 18:38:11 - USER: Keeiwi (ID: 6053488221) - ACTION: Started Bot
2024-09-03 18:38:44 - USER: Keeiwi (ID: 6053488221) - ACTION: Uploaded Cookie File
2024-09-03 18:38:45 - USER: Keeiwi (ID: 6053488221) - ACTION: Uploaded Cookie File
2024-09-03 18:38:45 - USER: Keeiwi (ID: 6053488221) - ACTION: Uploaded Cookie File
2024-09-03 18:38:46 - USER: Keeiwi (ID: 6053488221) - ACTION: Uploaded Cookie File
2024-09-03 18:38:46 - USER: Keeiwi (ID: 6053488221) - ACTION: Uploaded Cookie File
2024-09-03 18:38:47 - USER: Keeiwi (ID: 6053488221) - ACTION: Uploaded Cookie File
2024-09-03 18:38:57 - USER: Keeiwi (ID: 6053488221) - ACTION: Attempted Authentication
2024-09-03 18:38:57 - USER: Keeiwi (ID: 6053488221) - ACTION: Authenticated Successfully
2024-09-03 18:39:07 - USER: Keeiwi (ID: 6053488221) - ACTION: Uploaded Cookie File
2024-09-03 18:39:14 - USER: Keeiwi (ID: 6053488221) - ACTION: Uploaded Cookie File
2024-09-03 18:39:27 - USER: Keeiwi (ID: 6053488221) - ACTION: Uploaded Cookie File
2024-09-03 18:39:33 - USER: Keeiwi (ID: 6053488221) - ACTION: Uploaded Cookie File
2024-09-03 18:39:38 - USER: Keeiwi (ID: 6053488221) - ACTION: Uploaded Cookie File
2024-09-03 18:39:43 - USER: Keeiwi (ID: 6053488221) - ACTION: Uploaded Cookie File
2024-09-03 18:40:41 - USER: Keeiwi (ID: 6053488221) - ACTION: Uploaded Cookie File
2024-09-03 18:40:47 - USER: Keeiwi (ID: 6053488221) - ACTION: Uploaded Cookie File
2024-09-03 18:40:49 - USER: Keeiwi (ID: 6053488221) - ACTION: Uploaded Cookie File
2024-09-03 18:40:54 - USER: Keeiwi (ID: 6053488221) - ACTION: Uploaded Cookie File
2024-09-03 18:40:58 - USER: Keeiwi (ID: 6053488221) - ACTION: Uploaded Cookie File
2024-09-03 18:41:04 - USER: Keeiwi (ID: 6053488221) - ACTION: Uploaded Cookie File
2024-09-03 18:41:08 - USER: Keeiwi (ID: 6053488221) - ACTION: Uploaded Cookie File
2024-09-03 18:41:13 - USER: Keeiwi (ID: 6053488221) - ACTION: Uploaded Cookie File
2024-09-03 18:41:19 - USER: Keeiwi (ID: 6053488221) - ACTION: Uploaded Cookie File
2024-09-03 18:41:24 - USER: Keeiwi (ID: 6053488221) - ACTION: Uploaded Cookie File
2024-09-03 18:41:38 - USER: Keeiwi (ID: 6053488221) - ACTION: Uploaded Cookie File
2024-09-03 18:41:42 - USER: Keeiwi (ID: 6053488221) - ACTION: Uploaded Cookie File
2024-09-03 18:41:47 - USER: Keeiwi (ID: 6053488221) - ACTION: Uploaded Cookie File
2024-09-03 18:41:51 - USER: Keeiwi (ID: 6053488221) - ACTION: Uploaded Cookie File
2024-09-03 18:42:01 - USER: Keeiwi (ID: 6053488221) - ACTION: Uploaded Cookie File
2024-09-03 18:42:06 - USER: Keeiwi (ID: 6053488221) - ACTION: Uploaded Cookie File
2024-09-03 18:42:12 - USER: Keeiwi (ID: 6053488221) - ACTION: Uploaded Cookie File
2024-09-03 18:42:31 - USER: Keeiwi (ID: 6053488221) - ACTION: Uploaded Cookie File
2024-09-03 18:42:48 - USER: Keeiwi (ID: 6053488221) - ACTION: Uploaded Cookie File
2024-09-03 18:42:53 - USER: Keeiwi (ID: 6053488221) - ACTION: Uploaded Cookie File
2024-09-03 18:42:57 - USER: Keeiwi (ID: 6053488221) - ACTION: Uploaded Cookie File
2024-09-03 18:43:02 - USER: Keeiwi (ID: 6053488221) - ACTION: Uploaded Cookie File
2024-09-03 18:43:08 - USER: Keeiwi (ID: 6053488221) - ACTION: Uploaded Cookie File
2024-09-03 18:43:14 - USER: Keeiwi (ID: 6053488221) - ACTION: Uploaded Cookie File
2024-09-03 18:43:19 - USER: Keeiwi (ID: 6053488221) - ACTION: Uploaded Cookie File
2024-09-03 18:43:25 - USER: Keeiwi (ID: 6053488221) - ACTION: Uploaded Cookie File
2024-09-03 18:43:30 - USER: Keeiwi (ID: 6053488221) - ACTION: Uploaded Cookie File
2024-09-03 18:43:35 - USER: Keeiwi (ID: 6053488221) - ACTION: Uploaded Cookie File
2024-09-03 18:43:39 - USER: Keeiwi (ID: 6053488221) - ACTION: Uploaded Cookie File
2024-09-03 18:43:44 - USER: Keeiwi (ID: 6053488221) - ACTION: Uploaded Cookie File
2024-09-03 18:43:49 - USER: Keeiwi (ID: 6053488221) - ACTION: Uploaded Cookie File
2024-09-03 18:43:54 - USER: Keeiwi (ID: 6053488221) - ACTION: Uploaded Cookie File
2024-09-03 18:43:59 - USER: Keeiwi (ID: 6053488221) - ACTION: Uploaded Cookie File
2024-09-03 18:44:08 - USER: Keeiwi (ID: 6053488221) - ACTION: Uploaded Cookie File
2024-09-03 18:44:13 - USER: Keeiwi (ID: 6053488221) - ACTION: Uploaded Cookie File
2024-09-03 18:44:18 - USER: Keeiwi (ID: 6053488221) - ACTION: Uploaded Cookie File
2024-09-03 18:44:24 - USER: Keeiwi (ID: 6053488221) - ACTION: Uploaded Cookie File
2024-09-03 18:44:29 - USER: Keeiwi (ID: 6053488221) - ACTION: Uploaded Cookie File
2024-09-03 18:44:40 - USER: Keeiwi (ID: 6053488221) - ACTION: Uploaded Cookie File
2024-09-03 18:44:46 - USER: Keeiwi (ID: 6053488221) - ACTION: Uploaded Cookie File
2024-09-03 18:44:53 - USER: Keeiwi (ID: 6053488221) - ACTION: Uploaded Cookie File
2024-09-03 18:45:46 - USER: Keeiwi (ID: 6053488221) - ACTION: Uploaded Cookie File
2024-09-03 18:45:54 - USER: Keeiwi (ID: 6053488221) - ACTION: Uploaded Cookie File
2024-09-03 18:46:03 - USER: Keeiwi (ID: 6053488221) - ACTION: Uploaded Cookie File
2024-09-03 18:46:11 - USER: Keeiwi (ID: 6053488221) - ACTION: Uploaded Cookie File
2024-09-03 18:46:23 - USER: Keeiwi (ID: 6053488221) - ACTION: Uploaded Cookie File
2024-09-03 19:09:38 - USER: Keeiwi (ID: 6053488221) - ACTION: Started Bot
2024-09-03 19:09:41 - USER: Keeiwi (ID: 6053488221) - ACTION: Started Bot
2024-09-03 19:09:59 - USER: Keeiwi (ID: 6053488221) - ACTION: Attempted Authentication
2024-09-03 19:09:59 - USER: Keeiwi (ID: 6053488221) - ACTION: Authenticated Successfully
2024-09-03 19:10:12 - USER: Keeiwi (ID: 6053488221) - ACTION: Started Bot
2024-09-03 19:18:09 - USER: Keeiwi (ID: 6053488221) - ACTION: Started Bot
2024-09-03 19:19:53 - USER: Keeiwi (ID: 6053488221) - ACTION: Uploaded Cookie File
2024-09-03 19:20:05 - USER: Keeiwi (ID: 6053488221) - ACTION: Attempted Authentication
2024-09-03 19:20:05 - USER: Keeiwi (ID: 6053488221) - ACTION: Authenticated Successfully
2024-09-03 19:20:17 - USER: Keeiwi (ID: 6053488221) - ACTION: Uploaded Cookie File
2024-09-03 19:20:34 - USER: Keeiwi (ID: 6053488221) - ACTION: Uploaded Cookie File
2024-09-03 19:20:40 - USER: Keeiwi (ID: 6053488221) - ACTION: Requested Proxies Upload
2024-09-03 19:20:48 - USER: Keeiwi (ID: 6053488221) - ACTION: Uploaded Cookie File
2024-09-03 19:55:27 - USER: Keeiwi (ID: 6053488221) - ACTION: Started Bot
2024-09-03 19:55:38 - USER: Keeiwi (ID: 6053488221) - ACTION: Attempted Authentication
2024-09-03 19:55:38 - USER: Keeiwi (ID: 6053488221) - ACTION: Authenticated Successfully
2024-09-03 19:56:31 - USER: Keeiwi (ID: 6053488221) - ACTION: Uploaded Cookie File
